[26-Jun-2018 09:15:38 America/New_York]  - - - - - - - - - - - - - - - - 
[26-Jun-2018 09:15:38 America/New_York] PHP Notice:  Undefined index: token in /Users/iancampbell/Sites/map_manager/base/index.php on line 56
[26-Jun-2018 09:23:29 America/New_York]  - - - - - - - - - - - - - - - - 
[26-Jun-2018 09:23:29 America/New_York] PHP Notice:  Undefined index: token in /Users/iancampbell/Sites/map_manager/base/index.php on line 56
[26-Jun-2018 09:24:54 America/New_York]  - - - - - - - - - - - - - - - - 
[26-Jun-2018 09:24:54 America/New_York] PHP Notice:  Undefined index: token in /Users/iancampbell/Sites/map_manager/base/index.php on line 56
[26-Jun-2018 09:30:39 America/New_York]  - - - - - - - - - - - - - - - - 
[26-Jun-2018 09:30:39 America/New_York] PHP Notice:  Undefined index: token in /Users/iancampbell/Sites/map_manager/base/index.php on line 56
[26-Jun-2018 09:38:17 America/New_York]  - - - - - - - - - - - - - - - - 
[26-Jun-2018 09:38:17 America/New_York] PHP Notice:  Undefined index: token in /Users/iancampbell/Sites/map_manager/base/index.php on line 56
[26-Jun-2018 09:41:35 America/New_York]  - - - - - - - - - - - - - - - - 
[26-Jun-2018 09:41:35 America/New_York] PHP Notice:  Undefined index: token in /Users/iancampbell/Sites/map_manager/base/index.php on line 56
[26-Jun-2018 09:43:59 America/New_York]  - - - - - - - - - - - - - - - - 
[26-Jun-2018 09:43:59 America/New_York] PHP Notice:  Undefined index: token in /Users/iancampbell/Sites/map_manager/base/index.php on line 56
[26-Jun-2018 09:50:20 America/New_York]  - - - - - - - - - - - - - - - - 
[26-Jun-2018 09:50:20 America/New_York] PHP Notice:  Undefined index: token in /Users/iancampbell/Sites/map_manager/base/index.php on line 56
[26-Jun-2018 09:56:00 America/New_York]  - - - - - - - - - - - - - - - - 
[26-Jun-2018 09:56:00 America/New_York] PHP Notice:  Undefined index: token in /Users/iancampbell/Sites/map_manager/base/index.php on line 56
[26-Jun-2018 09:57:41 America/New_York]  - - - - - - - - - - - - - - - - 
[26-Jun-2018 09:57:41 America/New_York] PHP Notice:  Undefined index: token in /Users/iancampbell/Sites/map_manager/base/index.php on line 56
[26-Jun-2018 10:02:19 America/New_York]  - - - - - - - - - - - - - - - - 
[26-Jun-2018 10:02:19 America/New_York] PHP Notice:  Undefined index: token in /Users/iancampbell/Sites/map_manager/base/index.php on line 56
[26-Jun-2018 10:05:14 America/New_York]  - - - - - - - - - - - - - - - - 
[26-Jun-2018 10:05:28 America/New_York]  - - - - - - - - - - - - - - - - 
[26-Jun-2018 10:05:59 America/New_York]  - - - - - - - - - - - - - - - - 
[26-Jun-2018 10:08:08 America/New_York]  - - - - - - - - - - - - - - - - 
[26-Jun-2018 10:09:58 America/New_York]  - - - - - - - - - - - - - - - - 
[26-Jun-2018 10:11:10 America/New_York]  - - - - - - - - - - - - - - - - 
[02-Jul-2018 08:15:03 America/New_York]  - - - - - - - - - - - - - - - - 
[02-Jul-2018 08:15:03 America/New_York] PHP Notice:  Undefined index: token in /Users/iancampbell/Sites/map_manager/base/index.php on line 56
[12-Jul-2018 10:42:22 America/New_York]  - - - - - - - - - - - - - - - - 
[12-Jul-2018 10:42:22 America/New_York] PHP Warning:  PDO::__construct(): MySQL server has gone away in /Users/iancampbell/Sites/map_manager/base/dbtools.inc.php on line 25
[12-Jul-2018 10:42:38 America/New_York]  - - - - - - - - - - - - - - - - 
[18-Jul-2018 13:57:19 America/New_York]  - - - - - - - - - - - - - - - - 
[18-Jul-2018 13:57:41 America/New_York]  - - - - - - - - - - - - - - - - 
[23-Jul-2018 11:30:11 America/New_York]  - - - - - - - - - - - - - - - - 
